# JRE version: OpenJDK Runtime Environment (11.0.8+10) (build 11.0.8+10-b944.6842174)
# Java VM: OpenJDK 64-Bit Server VM (11.0.8+10-b944.6842174, mixed mode, tiered, compressed oops, g1 gc, windows-amd64)
Heap:
 garbage-first heap   total 129024K, used 52650K [0x0000000080000000, 0x0000000100000000)
  region size 1024K, 12 young (12288K), 5 survivors (5120K)
 Metaspace       used 62910K, capacity 64391K, committed 64460K, reserved 1105920K
  class space    used 8142K, capacity 8646K, committed 8704K, reserved 1048576K
GC Heap History (20 events):
Event: 9.572 GC heap before
{Heap before GC invocations=0 (full 0):
 garbage-first heap   total 129024K, used 29696K [0x0000000080000000, 0x0000000100000000)
  region size 1024K, 24 young (24576K), 0 survivors (0K)
 Metaspace       used 10401K, capacity 10640K, committed 11008K, reserved 1058816K
  class space    used 1098K, capacity 1164K, committed 1280K, reserved 1048576K
}
Event: 9.581 GC heap after
{Heap after GC invocations=1 (full 0):
 garbage-first heap   total 129024K, used 8494K [0x0000000080000000, 0x0000000100000000)
  region size 1024K, 3 young (3072K), 3 survivors (3072K)
 Metaspace       used 10401K, capacity 10640K, committed 11008K, reserved 1058816K
  class space    used 1098K, capacity 1164K, committed 1280K, reserved 1048576K
}
Event: 23.496 GC heap before
{Heap before GC invocations=1 (full 0):
 garbage-first heap   total 129024K, used 81198K [0x0000000080000000, 0x0000000100000000)
  region size 1024K, 75 young (76800K), 3 survivors (3072K)
 Metaspace       used 18943K, capacity 19336K, committed 19456K, reserved 1067008K
  class space    used 2295K, capacity 2456K, committed 2560K, reserved 1048576K
}
Event: 23.528 GC heap after
{Heap after GC invocations=2 (full 0):
 garbage-first heap   total 129024K, used 15609K [0x0000000080000000, 0x0000000100000000)
  region size 1024K, 10 young (10240K), 10 survivors (10240K)
 Metaspace       used 18943K, capacity 19336K, committed 19456K, reserved 1067008K
  class space    used 2295K, capacity 2456K, committed 2560K, reserved 1048576K
}
Event: 23.826 GC heap before
{Heap before GC invocations=2 (full 0):
 garbage-first heap   total 129024K, used 27897K [0x0000000080000000, 0x0000000100000000)
  region size 1024K, 23 young (23552K), 10 survivors (10240K)
 Metaspace       used 20636K, capacity 21105K, committed 21248K, reserved 1067008K
  class space    used 2531K, capacity 2710K, committed 2816K, reserved 1048576K
}
Event: 23.832 GC heap after
{Heap after GC invocations=3 (full 0):
 garbage-first heap   total 129024K, used 16948K [0x0000000080000000, 0x0000000100000000)
  region size 1024K, 1 young (1024K), 1 survivors (1024K)
 Metaspace       used 20636K, capacity 21105K, committed 21248K, reserved 1067008K
  class space    used 2531K, capacity 2710K, committed 2816K, reserved 1048576K
}
Event: 24.614 GC heap before
{Heap before GC invocations=4 (full 0):
 garbage-first heap   total 129024K, used 64052K [0x0000000080000000, 0x0000000100000000)
  region size 1024K, 47 young (48128K), 1 survivors (1024K)
 Metaspace       used 25929K, capacity 26575K, committed 26752K, reserved 1073152K
  class space    used 3384K, capacity 3600K, committed 3712K, reserved 1048576K
}
Event: 24.617 GC heap after
{Heap after GC invocations=5 (full 0):
 garbage-first heap   total 129024K, used 18543K [0x0000000080000000, 0x0000000100000000)
  region size 1024K, 3 young (3072K), 3 survivors (3072K)
 Metaspace       used 25929K, capacity 26575K, committed 26752K, reserved 1073152K
  class space    used 3384K, capacity 3600K, committed 3712K, reserved 1048576K
}
Event: 27.415 GC heap before
{Heap before GC invocations=5 (full 0):
 garbage-first heap   total 129024K, used 68719K [0x0000000080000000, 0x0000000100000000)
  region size 1024K, 54 young (55296K), 3 survivors (3072K)
 Metaspace       used 35105K, capacity 35741K, committed 35840K, reserved 1081344K
  class space    used 4567K, capacity 4826K, committed 4864K, reserved 1048576K
}
Event: 27.434 GC heap after
{Heap after GC invocations=6 (full 0):
 garbage-first heap   total 129024K, used 21867K [0x0000000080000000, 0x0000000100000000)
  region size 1024K, 6 young (6144K), 6 survivors (6144K)
 Metaspace       used 35105K, capacity 35741K, committed 35840K, reserved 1081344K
  class space    used 4567K, capacity 4826K, committed 4864K, reserved 1048576K
}
Event: 29.019 GC heap before
{Heap before GC invocations=7 (full 0):
 garbage-first heap   total 129024K, used 80235K [0x0000000080000000, 0x0000000100000000)
  region size 1024K, 60 young (61440K), 6 survivors (6144K)
 Metaspace       used 40625K, capacity 41498K, committed 41600K, reserved 1085440K
  class space    used 5190K, capacity 5501K, committed 5504K, reserved 1048576K
}
Event: 29.032 GC heap after
{Heap after GC invocations=8 (full 0):
 garbage-first heap   total 129024K, used 25014K [0x0000000080000000, 0x0000000100000000)
  region size 1024K, 7 young (7168K), 7 survivors (7168K)
 Metaspace       used 40625K, capacity 41498K, committed 41600K, reserved 1085440K
  class space    used 5190K, capacity 5501K, committed 5504K, reserved 1048576K
}
Event: 35.587 GC heap before
{Heap before GC invocations=8 (full 0):
 garbage-first heap   total 129024K, used 82358K [0x0000000080000000, 0x0000000100000000)
  region size 1024K, 63 young (64512K), 7 survivors (7168K)
 Metaspace       used 44194K, capacity 45207K, committed 45440K, reserved 1089536K
  class space    used 5666K, capacity 6016K, committed 6016K, reserved 1048576K
}
Event: 35.594 GC heap after
{Heap after GC invocations=9 (full 0):
 garbage-first heap   total 129024K, used 27330K [0x0000000080000000, 0x0000000100000000)
  region size 1024K, 6 young (6144K), 6 survivors (6144K)
 Metaspace       used 44194K, capacity 45207K, committed 45440K, reserved 1089536K
  class space    used 5666K, capacity 6016K, committed 6016K, reserved 1048576K
}
Event: 39.886 GC heap before
{Heap before GC invocations=9 (full 0):
 garbage-first heap   total 129024K, used 88770K [0x0000000080000000, 0x0000000100000000)
  region size 1024K, 64 young (65536K), 6 survivors (6144K)
 Metaspace       used 49703K, capacity 50862K, committed 51072K, reserved 1093632K
  class space    used 6317K, capacity 6716K, committed 6784K, reserved 1048576K
}
Event: 39.892 GC heap after
{Heap after GC invocations=10 (full 0):
 garbage-first heap   total 129024K, used 37847K [0x0000000080000000, 0x0000000100000000)
  region size 1024K, 8 young (8192K), 8 survivors (8192K)
 Metaspace       used 49703K, capacity 50862K, committed 51072K, reserved 1093632K
  class space    used 6317K, capacity 6716K, committed 6784K, reserved 1048576K
}
Event: 41.082 GC heap before
{Heap before GC invocations=10 (full 0):
 garbage-first heap   total 129024K, used 91095K [0x0000000080000000, 0x0000000100000000)
  region size 1024K, 61 young (62464K), 8 survivors (8192K)
 Metaspace       used 56837K, capacity 58238K, committed 58496K, reserved 1099776K
  class space    used 7239K, capacity 7736K, committed 7808K, reserved 1048576K
}
Event: 41.090 GC heap after
{Heap after GC invocations=11 (full 0):
 garbage-first heap   total 129024K, used 41690K [0x0000000080000000, 0x0000000100000000)
  region size 1024K, 4 young (4096K), 4 survivors (4096K)
 Metaspace       used 56837K, capacity 58238K, committed 58496K, reserved 1099776K
  class space    used 7239K, capacity 7736K, committed 7808K, reserved 1048576K
}
Event: 41.569 GC heap before
{Heap before GC invocations=11 (full 0):
 garbage-first heap   total 129024K, used 60122K [0x0000000080000000, 0x0000000100000000)
  region size 1024K, 23 young (23552K), 4 survivors (4096K)
 Metaspace       used 58710K, capacity 60136K, committed 60160K, reserved 1101824K
  class space    used 7435K, capacity 7913K, committed 7936K, reserved 1048576K
}
Event: 41.575 GC heap after
{Heap after GC invocations=12 (full 0):
 garbage-first heap   total 129024K, used 43879K [0x0000000080000000, 0x0000000100000000)
  region size 1024K, 6 young (6144K), 6 survivors (6144K)
 Metaspace       used 58710K, capacity 60136K, committed 60160K, reserved 1101824K
  class space    used 7435K, capacity 7913K, committed 7936K, reserved 1048576K
}

