# JRE version: OpenJDK Runtime Environment (11.0.8+10) (build 11.0.8+10-b944.6842174)
# Java VM: OpenJDK 64-Bit Server VM (11.0.8+10-b944.6842174, mixed mode, tiered, compressed oops, g1 gc, windows-amd64)
Heap:
 garbage-first heap   total 826368K, used 157257K [0x0000000080000000, 0x0000000100000000)
  region size 1024K, 2 young (2048K), 2 survivors (2048K)
 Metaspace       used 115417K, capacity 118422K, committed 119372K, reserved 1153024K
  class space    used 14514K, capacity 15605K, committed 16000K, reserved 1048576K
GC Heap History (20 events):
Event: 52.149 GC heap after
{Heap after GC invocations=60 (full 0):
 garbage-first heap   total 225280K, used 178824K [0x0000000080000000, 0x0000000100000000)
  region size 1024K, 3 young (3072K), 3 survivors (3072K)
 Metaspace       used 114665K, capacity 117927K, committed 118220K, reserved 1150976K
  class space    used 14582K, capacity 15801K, committed 15872K, reserved 1048576K
}
Event: 52.217 GC heap before
{Heap before GC invocations=60 (full 0):
 garbage-first heap   total 225280K, used 193160K [0x0000000080000000, 0x0000000100000000)
  region size 1024K, 18 young (18432K), 3 survivors (3072K)
 Metaspace       used 114763K, capacity 118000K, committed 118220K, reserved 1150976K
  class space    used 14583K, capacity 15802K, committed 15872K, reserved 1048576K
}
Event: 52.220 GC heap after
{Heap after GC invocations=61 (full 0):
 garbage-first heap   total 225280K, used 179748K [0x0000000080000000, 0x0000000100000000)
  region size 1024K, 3 young (3072K), 3 survivors (3072K)
 Metaspace       used 114763K, capacity 118000K, committed 118220K, reserved 1150976K
  class space    used 14583K, capacity 15802K, committed 15872K, reserved 1048576K
}
Event: 52.544 GC heap before
{Heap before GC invocations=61 (full 0):
 garbage-first heap   total 225280K, used 187940K [0x0000000080000000, 0x0000000100000000)
  region size 1024K, 13 young (13312K), 3 survivors (3072K)
 Metaspace       used 114936K, capacity 118209K, committed 118476K, reserved 1153024K
  class space    used 14588K, capacity 15806K, committed 15872K, reserved 1048576K
}
Event: 52.549 GC heap after
{Heap after GC invocations=62 (full 0):
 garbage-first heap   total 225280K, used 175832K [0x0000000080000000, 0x0000000100000000)
  region size 1024K, 1 young (1024K), 1 survivors (1024K)
 Metaspace       used 114936K, capacity 118209K, committed 118476K, reserved 1153024K
  class space    used 14588K, capacity 15806K, committed 15872K, reserved 1048576K
}
Event: 52.987 GC heap before
{Heap before GC invocations=62 (full 0):
 garbage-first heap   total 225280K, used 178904K [0x0000000080000000, 0x0000000100000000)
  region size 1024K, 18 young (18432K), 1 survivors (1024K)
 Metaspace       used 114343K, capacity 117230K, committed 118476K, reserved 1153024K
  class space    used 14384K, capacity 15447K, committed 15872K, reserved 1048576K
}
Event: 53.002 GC heap after
{Heap after GC invocations=63 (full 0):
 garbage-first heap   total 225280K, used 166098K [0x0000000080000000, 0x0000000100000000)
  region size 1024K, 3 young (3072K), 3 survivors (3072K)
 Metaspace       used 114343K, capacity 117230K, committed 118476K, reserved 1153024K
  class space    used 14384K, capacity 15447K, committed 15872K, reserved 1048576K
}
Event: 53.086 GC heap before
{Heap before GC invocations=64 (full 0):
 garbage-first heap   total 225280K, used 185554K [0x0000000080000000, 0x0000000100000000)
  region size 1024K, 23 young (23552K), 3 survivors (3072K)
 Metaspace       used 114343K, capacity 117230K, committed 118476K, reserved 1153024K
  class space    used 14384K, capacity 15447K, committed 15872K, reserved 1048576K
}
Event: 53.112 GC heap after
{Heap after GC invocations=65 (full 0):
 garbage-first heap   total 225280K, used 176198K [0x0000000080000000, 0x0000000100000000)
  region size 1024K, 3 young (3072K), 3 survivors (3072K)
 Metaspace       used 114343K, capacity 117230K, committed 118476K, reserved 1153024K
  class space    used 14384K, capacity 15447K, committed 15872K, reserved 1048576K
}
Event: 53.138 GC heap before
{Heap before GC invocations=65 (full 0):
 garbage-first heap   total 225280K, used 184390K [0x0000000080000000, 0x0000000100000000)
  region size 1024K, 11 young (11264K), 3 survivors (3072K)
 Metaspace       used 114343K, capacity 117230K, committed 118476K, reserved 1153024K
  class space    used 14384K, capacity 15447K, committed 15872K, reserved 1048576K
}
Event: 53.151 GC heap after
{Heap after GC invocations=66 (full 0):
 garbage-first heap   total 225280K, used 159154K [0x0000000080000000, 0x0000000100000000)
  region size 1024K, 2 young (2048K), 2 survivors (2048K)
 Metaspace       used 114343K, capacity 117230K, committed 118476K, reserved 1153024K
  class space    used 14384K, capacity 15447K, committed 15872K, reserved 1048576K
}
Event: 53.182 GC heap before
{Heap before GC invocations=66 (full 0):
 garbage-first heap   total 225280K, used 167346K [0x0000000080000000, 0x0000000100000000)
  region size 1024K, 11 young (11264K), 2 survivors (2048K)
 Metaspace       used 114343K, capacity 117230K, committed 118476K, reserved 1153024K
  class space    used 14384K, capacity 15447K, committed 15872K, reserved 1048576K
}
Event: 53.271 GC heap after
{Heap after GC invocations=67 (full 0):
 garbage-first heap   total 289792K, used 144525K [0x0000000080000000, 0x0000000100000000)
  region size 1024K, 2 young (2048K), 2 survivors (2048K)
 Metaspace       used 114343K, capacity 117230K, committed 118476K, reserved 1153024K
  class space    used 14384K, capacity 15447K, committed 15872K, reserved 1048576K
}
Event: 53.401 GC heap before
{Heap before GC invocations=67 (full 0):
 garbage-first heap   total 289792K, used 156813K [0x0000000080000000, 0x0000000100000000)
  region size 1024K, 14 young (14336K), 2 survivors (2048K)
 Metaspace       used 114343K, capacity 117230K, committed 118476K, reserved 1153024K
  class space    used 14384K, capacity 15447K, committed 15872K, reserved 1048576K
}
Event: 53.424 GC heap after
{Heap after GC invocations=68 (full 0):
 garbage-first heap   total 289792K, used 136507K [0x0000000080000000, 0x0000000100000000)
  region size 1024K, 2 young (2048K), 2 survivors (2048K)
 Metaspace       used 114343K, capacity 117230K, committed 118476K, reserved 1153024K
  class space    used 14384K, capacity 15447K, committed 15872K, reserved 1048576K
}
Event: 53.968 GC heap before
{Heap before GC invocations=68 (full 0):
 garbage-first heap   total 289792K, used 191803K [0x0000000080000000, 0x0000000100000000)
  region size 1024K, 51 young (52224K), 2 survivors (2048K)
 Metaspace       used 114349K, capacity 117235K, committed 118476K, reserved 1153024K
  class space    used 14384K, capacity 15447K, committed 15872K, reserved 1048576K
}
Event: 54.064 GC heap after
{Heap after GC invocations=69 (full 0):
 garbage-first heap   total 289792K, used 151808K [0x0000000080000000, 0x0000000100000000)
  region size 1024K, 7 young (7168K), 7 survivors (7168K)
 Metaspace       used 114349K, capacity 117235K, committed 118476K, reserved 1153024K
  class space    used 14384K, capacity 15447K, committed 15872K, reserved 1048576K
}
Event: 54.280 GC heap before
{Heap before GC invocations=69 (full 0):
 garbage-first heap   total 289792K, used 205056K [0x0000000080000000, 0x0000000100000000)
  region size 1024K, 54 young (55296K), 7 survivors (7168K)
 Metaspace       used 114353K, capacity 117238K, committed 118476K, reserved 1153024K
  class space    used 14384K, capacity 15447K, committed 15872K, reserved 1048576K
}
Event: 54.298 GC heap after
{Heap after GC invocations=70 (full 0):
 garbage-first heap   total 289792K, used 162809K [0x0000000080000000, 0x0000000100000000)
  region size 1024K, 5 young (5120K), 5 survivors (5120K)
 Metaspace       used 114353K, capacity 117238K, committed 118476K, reserved 1153024K
  class space    used 14384K, capacity 15447K, committed 15872K, reserved 1048576K
}
Event: 54.964 GC heap before
{Heap before GC invocations=70 (full 0):
 garbage-first heap   total 289792K, used 210937K [0x0000000080000000, 0x0000000100000000)
  region size 1024K, 52 young (53248K), 5 survivors (5120K)
 Metaspace       used 115417K, capacity 118422K, committed 119372K, reserved 1153024K
  class space    used 14514K, capacity 15605K, committed 16000K, reserved 1048576K
}

